0 info it worked if it ends with ok
1 verbose cli [ '/usr/bin/node', '/usr/bin/npm', 'install', 'yaml' ]
2 info using npm@3.5.2
3 info using node@v8.10.0
4 silly loadCurrentTree Starting
5 silly install loadCurrentTree
6 silly install readLocalPackageData
7 silly fetchPackageMetaData yaml
8 silly fetchNamedPackageData yaml
9 silly mapToRegistry name yaml
10 silly mapToRegistry using default registry
11 silly mapToRegistry registry https://registry.npmjs.org/
12 silly mapToRegistry uri https://registry.npmjs.org/yaml
13 verbose request uri https://registry.npmjs.org/yaml
14 verbose request no auth needed
15 info attempt registry request try #1 at 1:21:13 PM
16 verbose request id 71b0a87f196b97a8
17 http request GET https://registry.npmjs.org/yaml
18 http 200 https://registry.npmjs.org/yaml
19 verbose headers { date: 'Wed, 26 Jan 2022 04:21:13 GMT',
19 verbose headers   'content-type': 'application/json',
19 verbose headers   'transfer-encoding': 'chunked',
19 verbose headers   connection: 'keep-alive',
19 verbose headers   'cf-ray': '6d36f409bb46e9e8-ICN',
19 verbose headers   age: '4',
19 verbose headers   'cache-control': 'public, max-age=300',
19 verbose headers   etag: 'W/"7a79e39eb3487845651fcbeb86b3b383"',
19 verbose headers   'last-modified': 'Fri, 31 Dec 2021 14:49:43 GMT',
19 verbose headers   vary: 'accept-encoding, accept',
19 verbose headers   'cf-cache-status': 'HIT',
19 verbose headers   'expect-ct': 'max-age=604800, report-uri="https://report-uri.cloudflare.com/cdn-cgi/beacon/expect-ct"',
19 verbose headers   'x-amz-replication-status': 'COMPLETED',
19 verbose headers   server: 'cloudflare',
19 verbose headers   'content-encoding': 'gzip' }
20 silly get cb [ 200,
20 silly get   { date: 'Wed, 26 Jan 2022 04:21:13 GMT',
20 silly get     'content-type': 'application/json',
20 silly get     'transfer-encoding': 'chunked',
20 silly get     connection: 'keep-alive',
20 silly get     'cf-ray': '6d36f409bb46e9e8-ICN',
20 silly get     age: '4',
20 silly get     'cache-control': 'public, max-age=300',
20 silly get     etag: 'W/"7a79e39eb3487845651fcbeb86b3b383"',
20 silly get     'last-modified': 'Fri, 31 Dec 2021 14:49:43 GMT',
20 silly get     vary: 'accept-encoding, accept',
20 silly get     'cf-cache-status': 'HIT',
20 silly get     'expect-ct': 'max-age=604800, report-uri="https://report-uri.cloudflare.com/cdn-cgi/beacon/expect-ct"',
20 silly get     'x-amz-replication-status': 'COMPLETED',
20 silly get     server: 'cloudflare',
20 silly get     'content-encoding': 'gzip' } ]
21 verbose get saving yaml to /home/gywls/.npm/registry.npmjs.org/yaml/.cache.json
22 verbose makeDirectory /home/gywls/.npm creation not in flight; initializing
23 silly makeDirectory /home/gywls/.npm uid: 1000 gid: 1000
24 silly install normalizeTree
25 silly loadCurrentTree Finishing
26 silly loadIdealTree Starting
27 silly install loadIdealTree
28 silly cloneCurrentTree Starting
29 silly install cloneCurrentTreeToIdealTree
30 silly cloneCurrentTree Finishing
31 silly loadShrinkwrap Starting
32 silly install loadShrinkwrap
33 silly loadShrinkwrap Finishing
34 silly loadAllDepsIntoIdealTree Starting
35 silly install loadAllDepsIntoIdealTree
36 verbose stack Error: Missing required argument #1
36 verbose stack     at andLogAndFinish (/usr/share/npm/lib/fetch-package-metadata.js:31:3)
36 verbose stack     at fetchPackageMetadata (/usr/share/npm/lib/fetch-package-metadata.js:51:22)
36 verbose stack     at resolveWithNewModule (/usr/share/npm/lib/install/deps.js:456:12)
36 verbose stack     at /usr/share/npm/lib/install/deps.js:190:5
36 verbose stack     at /usr/share/npm/node_modules/slide/lib/async-map.js:52:35
36 verbose stack     at Array.forEach (<anonymous>)
36 verbose stack     at /usr/share/npm/node_modules/slide/lib/async-map.js:52:11
36 verbose stack     at Array.forEach (<anonymous>)
36 verbose stack     at asyncMap (/usr/share/npm/node_modules/slide/lib/async-map.js:51:8)
36 verbose stack     at exports.loadRequestedDeps (/usr/share/npm/lib/install/deps.js:188:3)
37 verbose cwd /home/gywls/Documents/overcooked_tempt_version/overcooked-demo
38 error Linux 5.4.0-94-generic
39 error argv "/usr/bin/node" "/usr/bin/npm" "install" "yaml"
40 error node v8.10.0
41 error npm  v3.5.2
42 error code EMISSINGARG
43 error typeerror Error: Missing required argument #1
43 error typeerror     at andLogAndFinish (/usr/share/npm/lib/fetch-package-metadata.js:31:3)
43 error typeerror     at fetchPackageMetadata (/usr/share/npm/lib/fetch-package-metadata.js:51:22)
43 error typeerror     at resolveWithNewModule (/usr/share/npm/lib/install/deps.js:456:12)
43 error typeerror     at /usr/share/npm/lib/install/deps.js:190:5
43 error typeerror     at /usr/share/npm/node_modules/slide/lib/async-map.js:52:35
43 error typeerror     at Array.forEach (<anonymous>)
43 error typeerror     at /usr/share/npm/node_modules/slide/lib/async-map.js:52:11
43 error typeerror     at Array.forEach (<anonymous>)
43 error typeerror     at asyncMap (/usr/share/npm/node_modules/slide/lib/async-map.js:51:8)
43 error typeerror     at exports.loadRequestedDeps (/usr/share/npm/lib/install/deps.js:188:3)
44 error typeerror This is an error with npm itself. Please report this error at:
44 error typeerror     <http://github.com/npm/npm/issues>
45 verbose exit [ 1, true ]
